IT3030 4 645 815
IT3040 2 1015 1145
IT3040 3 645 910
IT3070 5 645 1005
IT3080 6 645 910
IT3080 2 1230 1455
IT3090 5 1505 1730
IT3090 4 1230 1645
IT3100 3 920 1145

IT3100 3 645 910
IT3100 5 1505 1730
IT3100 5 1230 1455
IT3090 4 1230 1645
IT3090 3 1230 1645
IT3040 6 1230 1400
IT3040 3 920 1145
IT3070 4 645 815
IT3080 6 645 910

IT3080 6 920 1145
IT3080 2 1230 1455
IT3090 6 645 910
IT3090 3 730 1145
IT3100 5 1505 1730
IT3080 5 1230 1455
IT3040 3 1505 1730
IT3030 5 1015 1145
IT3030 4 825 1145

IT3030 3 1410 1730
IT3040 2 1015 1145
IT3040 3 645 910
IT3070 5 645 1005
IT3080 6 645 910
IT3080 2 1230 1455
IT3090 5 1505 1730
IT3090 4 1230 1645
IT3100 3 920 1145

IT3100 3 645 910
IT3100 5 1505 1730
IT3100 5 1230 1455
IT3090 4 1230 1645
IT3090 3 1230 1645
IT3040 6 1230 1400
IT3040 3 920 1145
IT3070 4 645 815
IT3080 6 645 910

